0 verbose cli C:\Program Files\nodejs\node.exe C:\Users\LENOVO\AppData\Roaming\npm\node_modules\npm\bin\npm-cli.js
1 info using npm@11.3.0
2 info using node@v22.14.0
3 silly config load:file:C:\Users\LENOVO\AppData\Roaming\npm\node_modules\npm\npmrc
4 silly config load:file:d:\DigiTechSolutions\22april_task_CRUD\client\React\_npx\2c52c20452535a0f\.npmrc
5 silly config load:file:C:\Users\LENOVO\.npmrc
6 silly config load:file:d:\DigiTechSolutions\22april_task_CRUD\client\React\_npx\2c52c20452535a0f\etc\npmrc
7 verbose title npm i
8 verbose argv "i" "--package-lock-only" "--prefix" "d:/DigiTechSolutions/22april_task_CRUD/client/React/_npx/2c52c20452535a0f"
9 verbose logfile logs-max:10 dir:d:\DigiTechSolutions\22april_task_CRUD\client\React\_npx\2c52c20452535a0f\React\_logs\2025-04-22T06_00_40_834Z-
10 verbose logfile d:\DigiTechSolutions\22april_task_CRUD\client\React\_npx\2c52c20452535a0f\React\_logs\2025-04-22T06_00_40_834Z-debug-0.log
11 silly logfile done cleaning log files
12 silly packumentCache heap:4345298944 maxSize:1086324736 maxEntrySize:543162368
13 silly idealTree buildDeps
14 silly placeDep ROOT undefined@ OK for:  want: file:
15 silly audit bulk request {
15 silly audit   '@umijs/utils': [ '4.4.8' ],
15 silly audit   anymatch: [ '3.1.3' ],
15 silly audit   'atomic-sleep': [ '1.0.0' ],
15 silly audit   'binary-extensions': [ '2.3.0' ],
15 silly audit   braces: [ '3.0.3' ],
15 silly audit   chokidar: [ '3.5.3' ],
15 silly audit   'create-umi': [ '4.4.8' ],
15 silly audit   duplexify: [ '4.1.3' ],
15 silly audit   'end-of-stream': [ '1.4.4' ],
15 silly audit   'fast-redact': [ '3.5.0' ],
15 silly audit   'fill-range': [ '7.1.1' ],
15 silly audit   fsevents: [ '2.3.3' ],
15 silly audit   'glob-parent': [ '5.1.2' ],
15 silly audit   inherits: [ '2.0.4' ],
15 silly audit   'is-binary-path': [ '2.1.0' ],
15 silly audit   'is-extglob': [ '2.1.1' ],
15 silly audit   'is-glob': [ '4.0.3' ],
15 silly audit   'is-number': [ '7.0.0' ],
15 silly audit   'normalize-path': [ '3.0.0' ],
15 silly audit   'on-exit-leak-free': [ '0.2.0' ],
15 silly audit   once: [ '1.4.0' ],
15 silly audit   picomatch: [ '2.3.1' ],
15 silly audit   pino: [ '7.11.0' ],
15 silly audit   'pino-abstract-transport': [ '0.5.0' ],
15 silly audit   'pino-std-serializers': [ '4.0.0' ],
15 silly audit   'process-warning': [ '1.0.0' ],
15 silly audit   'quick-format-unescaped': [ '4.0.4' ],
15 silly audit   'readable-stream': [ '3.6.2' ],
15 silly audit   readdirp: [ '3.6.0' ],
15 silly audit   'real-require': [ '0.1.0' ],
15 silly audit   'safe-buffer': [ '5.2.1' ],
15 silly audit   'safe-stable-stringify': [ '2.5.0' ],
15 silly audit   'sonic-boom': [ '2.8.0' ],
15 silly audit   split2: [ '4.2.0' ],
15 silly audit   'stream-shift': [ '1.0.3' ],
15 silly audit   string_decoder: [ '1.3.0' ],
15 silly audit   'thread-stream': [ '0.15.2' ],
15 silly audit   'to-regex-range': [ '5.0.1' ],
15 silly audit   'util-deprecate': [ '1.0.2' ],
15 silly audit   wrappy: [ '1.0.2' ]
15 silly audit }
16 verbose stack TypeError: Cannot read properties of undefined (reading 'spec')
16 verbose stack     at updateNodes (C:\Users\LENOVO\AppData\Roaming\npm\node_modules\npm\node_modules\@npmcli\arborist\lib\arborist\reify.js:1326:44)
16 verbose stack     at [saveIdealTree] (C:\Users\LENOVO\AppData\Roaming\npm\node_modules\npm\node_modules\@npmcli\arborist\lib\arborist\reify.js:1495:11)
16 verbose stack     at Arborist.reify (C:\Users\LENOVO\AppData\Roaming\npm\node_modules\npm\node_modules\@npmcli\arborist\lib\arborist\reify.js:147:31)
16 verbose stack     at async Install.exec (C:\Users\LENOVO\AppData\Roaming\npm\node_modules\npm\lib\commands\install.js:149:5)
16 verbose stack     at async Npm.exec (C:\Users\LENOVO\AppData\Roaming\npm\node_modules\npm\lib\npm.js:208:9)
16 verbose stack     at async module.exports (C:\Users\LENOVO\AppData\Roaming\npm\node_modules\npm\lib\cli\entry.js:67:5)
17 error Cannot read properties of undefined (reading 'spec')
18 silly unfinished npm timer reify 1745301641417
19 silly unfinished npm timer reify:audit 1745301641467
20 silly unfinished npm timer auditReport:getReport 1745301641468
21 silly unfinished npm timer reify:save 1745301641479
22 verbose cwd d:\DigiTechSolutions\22april_task_CRUD\client\React\_npx\2c52c20452535a0f
23 verbose os Windows_NT 10.0.22631
24 verbose node v22.14.0
25 verbose npm  v11.3.0
26 verbose exit 1
27 verbose code 1
28 error A complete log of this run can be found in: d:\DigiTechSolutions\22april_task_CRUD\client\React\_npx\2c52c20452535a0f\React\_logs\2025-04-22T06_00_40_834Z-debug-0.log
