0 verbose cli C:\nvm4w\nodejs\node.exe C:\nvm4w\nodejs\node_modules\npm\bin\npm-cli.js
1 info using npm@10.8.2
2 info using node@v18.20.8
3 silly config load:file:C:\Users\LENOVO\AppData\Local\nvm\v18.20.8\node_modules\npm\npmrc
4 silly config load:file:D:\.npmrc
5 silly config load:file:C:\Users\LENOVO\.npmrc
6 silly config load:file:C:\nvm4w\nodejs\etc\npmrc
7 verbose title npm run dev
8 verbose argv "run" "dev"
9 verbose logfile logs-max:10 dir:D:\DigiTechSolutions\22april_task_CRUD\React\_logs\2025-04-22T07_53_32_815Z-
10 verbose logfile D:\DigiTechSolutions\22april_task_CRUD\React\_logs\2025-04-22T07_53_32_815Z-debug-0.log
11 silly logfile done cleaning log files
12 verbose stack Error: Missing script: "dev"
12 verbose stack
12 verbose stack To see a list of scripts, run:
12 verbose stack   npm run
12 verbose stack     at #run (C:\Users\LENOVO\AppData\Local\nvm\v18.20.8\node_modules\npm\lib\commands\run-script.js:110:13)
12 verbose stack     at async RunScript.exec (C:\Users\LENOVO\AppData\Local\nvm\v18.20.8\node_modules\npm\lib\commands\run-script.js:39:7)
12 verbose stack     at async Npm.exec (C:\Users\LENOVO\AppData\Local\nvm\v18.20.8\node_modules\npm\lib\npm.js:207:9)
12 verbose stack     at async module.exports (C:\Users\LENOVO\AppData\Local\nvm\v18.20.8\node_modules\npm\lib\cli\entry.js:74:5)
13 error Missing script: "dev"
13 error
13 error To see a list of scripts, run:
13 error   npm run
14 verbose cwd D:\DigiTechSolutions\22april_task_CRUD
15 verbose os Windows_NT 10.0.22631
16 verbose node v18.20.8
17 verbose npm  v10.8.2
18 verbose exit 1
19 verbose code 1
20 error A complete log of this run can be found in: D:\DigiTechSolutions\22april_task_CRUD\React\_logs\2025-04-22T07_53_32_815Z-debug-0.log
