0 verbose cli C:\nvm4w\nodejs\node.exe C:\Users\LENOVO\AppData\Roaming\npm\node_modules\npm\bin\npm-cli.js
1 info using npm@11.3.0
2 info using node@v18.20.8
3 warn cli npm v11.3.0 does not support Node.js v18.20.8. This version of npm supports the following node versions: `^20.17.0 || >=22.9.0`. You can find the latest version at https://nodejs.org/.
4 silly config load:file:C:\Users\LENOVO\AppData\Roaming\npm\node_modules\npm\npmrc
5 silly config load:file:d:\DigiTechSolutions\22april_task_CRUD\server\.npmrc
6 silly config load:file:C:\Users\LENOVO\.npmrc
7 silly config load:file:d:\DigiTechSolutions\22april_task_CRUD\server\etc\npmrc
8 verbose title npm ls
9 verbose argv "ls" "--omit" "dev" "--package-lock-only" "--json" "--prefix" "d:/DigiTechSolutions/22april_task_CRUD/server"
10 verbose logfile logs-max:10 dir:d:\DigiTechSolutions\22april_task_CRUD\React\_logs\2025-04-23T01_13_34_351Z-
11 verbose logfile d:\DigiTechSolutions\22april_task_CRUD\React\_logs\2025-04-23T01_13_34_351Z-debug-0.log
12 silly logfile done cleaning log files
13 silly packumentCache heap:4345298944 maxSize:1086324736 maxEntrySize:543162368
14 verbose cwd d:\DigiTechSolutions\22april_task_CRUD
15 verbose os Windows_NT 10.0.22631
16 verbose node v18.20.8
17 verbose npm  v11.3.0
18 verbose exit 0
19 info ok
